<?xml version="1.0" encoding="UTF-8"?>
<testsuite xmlns:xsi="http://www.w3.org/2001/XMLSchema-instance" xsi:noNamespaceSchemaLocation="https://maven.apache.org/surefire/maven-surefire-plugin/xsd/surefire-test-report.xsd" name="com.unific.cucumber.RunCukesTest" time="165.185" tests="32" errors="2" skipped="5" failures="0">
  <properties>
    <property name="sun.desktop" value="gnome"/>
    <property name="awt.toolkit" value="sun.awt.X11.XToolkit"/>
    <property name="java.specification.version" value="9"/>
    <property name="file.encoding.pkg" value="sun.io"/>
    <property name="sun.cpu.isalist" value=""/>
    <property name="sun.jnu.encoding" value="UTF-8"/>
    <property name="java.class.path" value="/home/user/Documents/ui-automation-java/target/test-classes:/home/user/Documents/ui-automation-java/target/classes:/home/user/.m2/repository/junit/junit/4.12/junit-4.12.jar:/home/user/.m2/repository/info/cukes/cucumber-junit/1.2.5/cucumber-junit-1.2.5.jar:/home/user/.m2/repository/info/cukes/cucumber-core/1.2.5/cucumber-core-1.2.5.jar:/home/user/.m2/repository/info/cukes/cucumber-html/0.2.3/cucumber-html-0.2.3.jar:/home/user/.m2/repository/info/cukes/cucumber-java/1.2.5/cucumber-java-1.2.5.jar:/home/user/.m2/repository/org/seleniumhq/selenium/selenium-java/3.5.2/selenium-java-3.5.2.jar:/home/user/.m2/repository/org/seleniumhq/selenium/selenium-api/3.5.2/selenium-api-3.5.2.jar:/home/user/.m2/repository/org/seleniumhq/selenium/selenium-chrome-driver/3.5.2/selenium-chrome-driver-3.5.2.jar:/home/user/.m2/repository/org/seleniumhq/selenium/selenium-edge-driver/3.5.2/selenium-edge-driver-3.5.2.jar:/home/user/.m2/repository/org/seleniumhq/selenium/selenium-firefox-driver/3.5.2/selenium-firefox-driver-3.5.2.jar:/home/user/.m2/repository/org/seleniumhq/selenium/selenium-ie-driver/3.5.2/selenium-ie-driver-3.5.2.jar:/home/user/.m2/repository/org/seleniumhq/selenium/selenium-opera-driver/3.5.2/selenium-opera-driver-3.5.2.jar:/home/user/.m2/repository/org/seleniumhq/selenium/selenium-remote-driver/3.5.2/selenium-remote-driver-3.5.2.jar:/home/user/.m2/repository/org/seleniumhq/selenium/selenium-safari-driver/3.5.2/selenium-safari-driver-3.5.2.jar:/home/user/.m2/repository/org/seleniumhq/selenium/selenium-support/3.5.2/selenium-support-3.5.2.jar:/home/user/.m2/repository/cglib/cglib-nodep/3.2.4/cglib-nodep-3.2.4.jar:/home/user/.m2/repository/org/apache/commons/commons-exec/1.3/commons-exec-1.3.jar:/home/user/.m2/repository/org/apache/commons/commons-lang3/3.5/commons-lang3-3.5.jar:/home/user/.m2/repository/commons-codec/commons-codec/1.10/commons-codec-1.10.jar:/home/user/.m2/repository/commons-io/commons-io/2.5/commons-io-2.5.jar:/home/user/.m2/repository/commons-logging/commons-logging/1.2/commons-logging-1.2.jar:/home/user/.m2/repository/org/w3c/css/sac/1.3/sac-1.3.jar:/home/user/.m2/repository/net/sourceforge/cssparser/cssparser/0.9.23/cssparser-0.9.23.jar:/home/user/.m2/repository/com/google/code/gson/gson/2.8.0/gson-2.8.0.jar:/home/user/.m2/repository/com/google/guava/guava/23.0/guava-23.0.jar:/home/user/.m2/repository/com/google/code/findbugs/jsr305/1.3.9/jsr305-1.3.9.jar:/home/user/.m2/repository/com/google/errorprone/error_prone_annotations/2.0.18/error_prone_annotations-2.0.18.jar:/home/user/.m2/repository/com/google/j2objc/j2objc-annotations/1.1/j2objc-annotations-1.1.jar:/home/user/.m2/repository/org/codehaus/mojo/animal-sniffer-annotations/1.14/animal-sniffer-annotations-1.14.jar:/home/user/.m2/repository/net/sourceforge/htmlunit/htmlunit/2.27/htmlunit-2.27.jar:/home/user/.m2/repository/net/sourceforge/htmlunit/htmlunit-core-js/2.27/htmlunit-core-js-2.27.jar:/home/user/.m2/repository/net/sourceforge/htmlunit/neko-htmlunit/2.27/neko-htmlunit-2.27.jar:/home/user/.m2/repository/org/apache/httpcomponents/httpclient/4.5.3/httpclient-4.5.3.jar:/home/user/.m2/repository/org/apache/httpcomponents/httpcore/4.4.6/httpcore-4.4.6.jar:/home/user/.m2/repository/org/apache/httpcomponents/httpmime/4.5.3/httpmime-4.5.3.jar:/home/user/.m2/repository/org/eclipse/jetty/jetty-client/9.4.5.v20170502/jetty-client-9.4.5.v20170502.jar:/home/user/.m2/repository/org/eclipse/jetty/jetty-http/9.4.5.v20170502/jetty-http-9.4.5.v20170502.jar:/home/user/.m2/repository/org/eclipse/jetty/jetty-io/9.4.5.v20170502/jetty-io-9.4.5.v20170502.jar:/home/user/.m2/repository/org/eclipse/jetty/jetty-util/9.4.5.v20170502/jetty-util-9.4.5.v20170502.jar:/home/user/.m2/repository/net/java/dev/jna/jna/4.1.0/jna-4.1.0.jar:/home/user/.m2/repository/net/java/dev/jna/jna-platform/4.1.0/jna-platform-4.1.0.jar:/home/user/.m2/repository/com/codeborne/phantomjsdriver/1.4.0/phantomjsdriver-1.4.0.jar:/home/user/.m2/repository/org/seleniumhq/selenium/htmlunit-driver/2.27/htmlunit-driver-2.27.jar:/home/user/.m2/repository/javax/servlet/javax.servlet-api/3.1.0/javax.servlet-api-3.1.0.jar:/home/user/.m2/repository/org/eclipse/jetty/websocket/websocket-api/9.4.5.v20170502/websocket-api-9.4.5.v20170502.jar:/home/user/.m2/repository/org/eclipse/jetty/websocket/websocket-client/9.4.5.v20170502/websocket-client-9.4.5.v20170502.jar:/home/user/.m2/repository/org/eclipse/jetty/websocket/websocket-common/9.4.5.v20170502/websocket-common-9.4.5.v20170502.jar:/home/user/.m2/repository/xalan/serializer/2.7.2/serializer-2.7.2.jar:/home/user/.m2/repository/xalan/xalan/2.7.2/xalan-2.7.2.jar:/home/user/.m2/repository/xerces/xercesImpl/2.11.0/xercesImpl-2.11.0.jar:/home/user/.m2/repository/xml-apis/xml-apis/1.4.01/xml-apis-1.4.01.jar:/home/user/.m2/repository/info/cukes/cucumber-picocontainer/1.2.5/cucumber-picocontainer-1.2.5.jar:/home/user/.m2/repository/info/cukes/cucumber-jvm-deps/1.0.5/cucumber-jvm-deps-1.0.5.jar:/home/user/.m2/repository/info/cukes/gherkin/2.12.2/gherkin-2.12.2.jar:/home/user/.m2/repository/org/picocontainer/picocontainer/2.15/picocontainer-2.15.jar:/home/user/.m2/repository/org/hamcrest/hamcrest-core/1.3/hamcrest-core-1.3.jar:/home/user/.m2/repository/com/vimalselvam/cucumber-extentsreport/3.0.2/cucumber-extentsreport-3.0.2.jar:/home/user/.m2/repository/com/aventstack/extentreports/3.1.5/extentreports-3.1.5.jar:/home/user/.m2/repository/org/freemarker/freemarker/2.3.23/freemarker-2.3.23.jar:/home/user/.m2/repository/org/mongodb/mongodb-driver/3.3.0/mongodb-driver-3.3.0.jar:/home/user/.m2/repository/org/mongodb/bson/3.3.0/bson-3.3.0.jar:/home/user/.m2/repository/org/mongodb/mongodb-driver-core/3.3.0/mongodb-driver-core-3.3.0.jar:/home/user/.m2/repository/org/jsoup/jsoup/1.9.2/jsoup-1.9.2.jar:/home/user/.m2/repository/net/masterthought/maven-cucumber-reporting/3.16.0/maven-cucumber-reporting-3.16.0.jar:/home/user/.m2/repository/org/apache/maven/maven-plugin-api/3.3.9/maven-plugin-api-3.3.9.jar:/home/user/.m2/repository/org/apache/maven/maven-model/3.3.9/maven-model-3.3.9.jar:/home/user/.m2/repository/org/apache/maven/maven-artifact/3.3.9/maven-artifact-3.3.9.jar:/home/user/.m2/repository/org/eclipse/sisu/org.eclipse.sisu.plexus/0.3.2/org.eclipse.sisu.plexus-0.3.2.jar:/home/user/.m2/repository/javax/enterprise/cdi-api/1.0/cdi-api-1.0.jar:/home/user/.m2/repository/javax/annotation/jsr250-api/1.0/jsr250-api-1.0.jar:/home/user/.m2/repository/javax/inject/javax.inject/1/javax.inject-1.jar:/home/user/.m2/repository/org/eclipse/sisu/org.eclipse.sisu.inject/0.3.2/org.eclipse.sisu.inject-0.3.2.jar:/home/user/.m2/repository/org/codehaus/plexus/plexus-component-annotations/1.5.5/plexus-component-annotations-1.5.5.jar:/home/user/.m2/repository/org/codehaus/plexus/plexus-classworlds/2.5.2/plexus-classworlds-2.5.2.jar:/home/user/.m2/repository/org/apache/maven/plugins/maven-gpg-plugin/1.6/maven-gpg-plugin-1.6.jar:/home/user/.m2/repository/org/apache/maven/maven-project/2.2.1/maven-project-2.2.1.jar:/home/user/.m2/repository/org/apache/maven/maven-settings/2.2.1/maven-settings-2.2.1.jar:/home/user/.m2/repository/org/apache/maven/maven-profile/2.2.1/maven-profile-2.2.1.jar:/home/user/.m2/repository/org/apache/maven/maven-artifact-manager/2.2.1/maven-artifact-manager-2.2.1.jar:/home/user/.m2/repository/org/apache/maven/wagon/wagon-provider-api/1.0-beta-6/wagon-provider-api-1.0-beta-6.jar:/home/user/.m2/repository/backport-util-concurrent/backport-util-concurrent/3.1/backport-util-concurrent-3.1.jar:/home/user/.m2/repository/org/apache/maven/maven-plugin-registry/2.2.1/maven-plugin-registry-2.2.1.jar:/home/user/.m2/repository/org/codehaus/plexus/plexus-interpolation/1.11/plexus-interpolation-1.11.jar:/home/user/.m2/repository/org/codehaus/plexus/plexus-container-default/1.0-alpha-9-stable-1/plexus-container-default-1.0-alpha-9-stable-1.jar:/home/user/.m2/repository/classworlds/classworlds/1.1-alpha-2/classworlds-1.1-alpha-2.jar:/home/user/.m2/repository/org/apache/maven/maven-repository-metadata/2.2.1/maven-repository-metadata-2.2.1.jar:/home/user/.m2/repository/org/codehaus/plexus/plexus-utils/3.0.20/plexus-utils-3.0.20.jar:/home/user/.m2/repository/org/sonatype/plexus/plexus-sec-dispatcher/1.4/plexus-sec-dispatcher-1.4.jar:/home/user/.m2/repository/org/sonatype/plexus/plexus-cipher/1.4/plexus-cipher-1.4.jar:/home/user/.m2/repository/net/masterthought/cucumber-reporting/3.16.0/cucumber-reporting-3.16.0.jar:/home/user/.m2/repository/org/apache/logging/log4j/log4j-api/2.8.2/log4j-api-2.8.2.jar:/home/user/.m2/repository/org/apache/logging/log4j/log4j-core/2.8.2/log4j-core-2.8.2.jar:/home/user/.m2/repository/com/fasterxml/jackson/core/jackson-databind/2.8.6/jackson-databind-2.8.6.jar:/home/user/.m2/repository/com/fasterxml/jackson/core/jackson-annotations/2.8.0/jackson-annotations-2.8.0.jar:/home/user/.m2/repository/com/fasterxml/jackson/core/jackson-core/2.8.6/jackson-core-2.8.6.jar:/home/user/.m2/repository/org/apache/velocity/velocity/1.7/velocity-1.7.jar:/home/user/.m2/repository/commons-collections/commons-collections/3.2.1/commons-collections-3.2.1.jar:/home/user/.m2/repository/commons-lang/commons-lang/2.4/commons-lang-2.4.jar:/home/user/.m2/repository/velocity-tools/velocity-tools/1.4/velocity-tools-1.4.jar:/home/user/.m2/repository/joda-time/joda-time/2.9.9/joda-time-2.9.9.jar:/home/user/.m2/repository/net/lingala/zip4j/zip4j/1.3.2/zip4j-1.3.2.jar:/home/user/.m2/repository/com/googlecode/owasp-java-html-sanitizer/owasp-java-html-sanitizer/20170515.1/owasp-java-html-sanitizer-20170515.1.jar:/home/user/.m2/repository/commons-configuration/commons-configuration/1.6/commons-configuration-1.6.jar:/home/user/.m2/repository/commons-digester/commons-digester/1.8/commons-digester-1.8.jar:/home/user/.m2/repository/commons-beanutils/commons-beanutils/1.7.0/commons-beanutils-1.7.0.jar:/home/user/.m2/repository/commons-beanutils/commons-beanutils-core/1.8.0/commons-beanutils-core-1.8.0.jar:"/>
    <property name="java.vm.vendor" value="Oracle Corporation"/>
    <property name="sun.arch.data.model" value="64"/>
    <property name="java.vendor.url" value="http://java.oracle.com/"/>
    <property name="user.timezone" value=""/>
    <property name="java.vm.specification.version" value="9"/>
    <property name="os.name" value="Linux"/>
    <property name="sun.java.launcher" value="SUN_STANDARD"/>
    <property name="user.country" value="IN"/>
    <property name="sun.boot.library.path" value="/usr/lib/jvm/java-9-oracle/lib"/>
    <property name="sun.java.command" value="/home/user/Documents/ui-automation-java/target/surefire/surefirebooter1067283054401257541.jar /home/user/Documents/ui-automation-java/target/surefire 2018-05-25T15-08-38_178-jvmRun1 surefire17757887895018997788tmp surefire_06127392426422177441tmp"/>
    <property name="jdk.debug" value="release"/>
    <property name="surefire.test.class.path" value="/home/user/Documents/ui-automation-java/target/test-classes:/home/user/Documents/ui-automation-java/target/classes:/home/user/.m2/repository/junit/junit/4.12/junit-4.12.jar:/home/user/.m2/repository/info/cukes/cucumber-junit/1.2.5/cucumber-junit-1.2.5.jar:/home/user/.m2/repository/info/cukes/cucumber-core/1.2.5/cucumber-core-1.2.5.jar:/home/user/.m2/repository/info/cukes/cucumber-html/0.2.3/cucumber-html-0.2.3.jar:/home/user/.m2/repository/info/cukes/cucumber-java/1.2.5/cucumber-java-1.2.5.jar:/home/user/.m2/repository/org/seleniumhq/selenium/selenium-java/3.5.2/selenium-java-3.5.2.jar:/home/user/.m2/repository/org/seleniumhq/selenium/selenium-api/3.5.2/selenium-api-3.5.2.jar:/home/user/.m2/repository/org/seleniumhq/selenium/selenium-chrome-driver/3.5.2/selenium-chrome-driver-3.5.2.jar:/home/user/.m2/repository/org/seleniumhq/selenium/selenium-edge-driver/3.5.2/selenium-edge-driver-3.5.2.jar:/home/user/.m2/repository/org/seleniumhq/selenium/selenium-firefox-driver/3.5.2/selenium-firefox-driver-3.5.2.jar:/home/user/.m2/repository/org/seleniumhq/selenium/selenium-ie-driver/3.5.2/selenium-ie-driver-3.5.2.jar:/home/user/.m2/repository/org/seleniumhq/selenium/selenium-opera-driver/3.5.2/selenium-opera-driver-3.5.2.jar:/home/user/.m2/repository/org/seleniumhq/selenium/selenium-remote-driver/3.5.2/selenium-remote-driver-3.5.2.jar:/home/user/.m2/repository/org/seleniumhq/selenium/selenium-safari-driver/3.5.2/selenium-safari-driver-3.5.2.jar:/home/user/.m2/repository/org/seleniumhq/selenium/selenium-support/3.5.2/selenium-support-3.5.2.jar:/home/user/.m2/repository/cglib/cglib-nodep/3.2.4/cglib-nodep-3.2.4.jar:/home/user/.m2/repository/org/apache/commons/commons-exec/1.3/commons-exec-1.3.jar:/home/user/.m2/repository/org/apache/commons/commons-lang3/3.5/commons-lang3-3.5.jar:/home/user/.m2/repository/commons-codec/commons-codec/1.10/commons-codec-1.10.jar:/home/user/.m2/repository/commons-io/commons-io/2.5/commons-io-2.5.jar:/home/user/.m2/repository/commons-logging/commons-logging/1.2/commons-logging-1.2.jar:/home/user/.m2/repository/org/w3c/css/sac/1.3/sac-1.3.jar:/home/user/.m2/repository/net/sourceforge/cssparser/cssparser/0.9.23/cssparser-0.9.23.jar:/home/user/.m2/repository/com/google/code/gson/gson/2.8.0/gson-2.8.0.jar:/home/user/.m2/repository/com/google/guava/guava/23.0/guava-23.0.jar:/home/user/.m2/repository/com/google/code/findbugs/jsr305/1.3.9/jsr305-1.3.9.jar:/home/user/.m2/repository/com/google/errorprone/error_prone_annotations/2.0.18/error_prone_annotations-2.0.18.jar:/home/user/.m2/repository/com/google/j2objc/j2objc-annotations/1.1/j2objc-annotations-1.1.jar:/home/user/.m2/repository/org/codehaus/mojo/animal-sniffer-annotations/1.14/animal-sniffer-annotations-1.14.jar:/home/user/.m2/repository/net/sourceforge/htmlunit/htmlunit/2.27/htmlunit-2.27.jar:/home/user/.m2/repository/net/sourceforge/htmlunit/htmlunit-core-js/2.27/htmlunit-core-js-2.27.jar:/home/user/.m2/repository/net/sourceforge/htmlunit/neko-htmlunit/2.27/neko-htmlunit-2.27.jar:/home/user/.m2/repository/org/apache/httpcomponents/httpclient/4.5.3/httpclient-4.5.3.jar:/home/user/.m2/repository/org/apache/httpcomponents/httpcore/4.4.6/httpcore-4.4.6.jar:/home/user/.m2/repository/org/apache/httpcomponents/httpmime/4.5.3/httpmime-4.5.3.jar:/home/user/.m2/repository/org/eclipse/jetty/jetty-client/9.4.5.v20170502/jetty-client-9.4.5.v20170502.jar:/home/user/.m2/repository/org/eclipse/jetty/jetty-http/9.4.5.v20170502/jetty-http-9.4.5.v20170502.jar:/home/user/.m2/repository/org/eclipse/jetty/jetty-io/9.4.5.v20170502/jetty-io-9.4.5.v20170502.jar:/home/user/.m2/repository/org/eclipse/jetty/jetty-util/9.4.5.v20170502/jetty-util-9.4.5.v20170502.jar:/home/user/.m2/repository/net/java/dev/jna/jna/4.1.0/jna-4.1.0.jar:/home/user/.m2/repository/net/java/dev/jna/jna-platform/4.1.0/jna-platform-4.1.0.jar:/home/user/.m2/repository/com/codeborne/phantomjsdriver/1.4.0/phantomjsdriver-1.4.0.jar:/home/user/.m2/repository/org/seleniumhq/selenium/htmlunit-driver/2.27/htmlunit-driver-2.27.jar:/home/user/.m2/repository/javax/servlet/javax.servlet-api/3.1.0/javax.servlet-api-3.1.0.jar:/home/user/.m2/repository/org/eclipse/jetty/websocket/websocket-api/9.4.5.v20170502/websocket-api-9.4.5.v20170502.jar:/home/user/.m2/repository/org/eclipse/jetty/websocket/websocket-client/9.4.5.v20170502/websocket-client-9.4.5.v20170502.jar:/home/user/.m2/repository/org/eclipse/jetty/websocket/websocket-common/9.4.5.v20170502/websocket-common-9.4.5.v20170502.jar:/home/user/.m2/repository/xalan/serializer/2.7.2/serializer-2.7.2.jar:/home/user/.m2/repository/xalan/xalan/2.7.2/xalan-2.7.2.jar:/home/user/.m2/repository/xerces/xercesImpl/2.11.0/xercesImpl-2.11.0.jar:/home/user/.m2/repository/xml-apis/xml-apis/1.4.01/xml-apis-1.4.01.jar:/home/user/.m2/repository/info/cukes/cucumber-picocontainer/1.2.5/cucumber-picocontainer-1.2.5.jar:/home/user/.m2/repository/info/cukes/cucumber-jvm-deps/1.0.5/cucumber-jvm-deps-1.0.5.jar:/home/user/.m2/repository/info/cukes/gherkin/2.12.2/gherkin-2.12.2.jar:/home/user/.m2/repository/org/picocontainer/picocontainer/2.15/picocontainer-2.15.jar:/home/user/.m2/repository/org/hamcrest/hamcrest-core/1.3/hamcrest-core-1.3.jar:/home/user/.m2/repository/com/vimalselvam/cucumber-extentsreport/3.0.2/cucumber-extentsreport-3.0.2.jar:/home/user/.m2/repository/com/aventstack/extentreports/3.1.5/extentreports-3.1.5.jar:/home/user/.m2/repository/org/freemarker/freemarker/2.3.23/freemarker-2.3.23.jar:/home/user/.m2/repository/org/mongodb/mongodb-driver/3.3.0/mongodb-driver-3.3.0.jar:/home/user/.m2/repository/org/mongodb/bson/3.3.0/bson-3.3.0.jar:/home/user/.m2/repository/org/mongodb/mongodb-driver-core/3.3.0/mongodb-driver-core-3.3.0.jar:/home/user/.m2/repository/org/jsoup/jsoup/1.9.2/jsoup-1.9.2.jar:/home/user/.m2/repository/net/masterthought/maven-cucumber-reporting/3.16.0/maven-cucumber-reporting-3.16.0.jar:/home/user/.m2/repository/org/apache/maven/maven-plugin-api/3.3.9/maven-plugin-api-3.3.9.jar:/home/user/.m2/repository/org/apache/maven/maven-model/3.3.9/maven-model-3.3.9.jar:/home/user/.m2/repository/org/apache/maven/maven-artifact/3.3.9/maven-artifact-3.3.9.jar:/home/user/.m2/repository/org/eclipse/sisu/org.eclipse.sisu.plexus/0.3.2/org.eclipse.sisu.plexus-0.3.2.jar:/home/user/.m2/repository/javax/enterprise/cdi-api/1.0/cdi-api-1.0.jar:/home/user/.m2/repository/javax/annotation/jsr250-api/1.0/jsr250-api-1.0.jar:/home/user/.m2/repository/javax/inject/javax.inject/1/javax.inject-1.jar:/home/user/.m2/repository/org/eclipse/sisu/org.eclipse.sisu.inject/0.3.2/org.eclipse.sisu.inject-0.3.2.jar:/home/user/.m2/repository/org/codehaus/plexus/plexus-component-annotations/1.5.5/plexus-component-annotations-1.5.5.jar:/home/user/.m2/repository/org/codehaus/plexus/plexus-classworlds/2.5.2/plexus-classworlds-2.5.2.jar:/home/user/.m2/repository/org/apache/maven/plugins/maven-gpg-plugin/1.6/maven-gpg-plugin-1.6.jar:/home/user/.m2/repository/org/apache/maven/maven-project/2.2.1/maven-project-2.2.1.jar:/home/user/.m2/repository/org/apache/maven/maven-settings/2.2.1/maven-settings-2.2.1.jar:/home/user/.m2/repository/org/apache/maven/maven-profile/2.2.1/maven-profile-2.2.1.jar:/home/user/.m2/repository/org/apache/maven/maven-artifact-manager/2.2.1/maven-artifact-manager-2.2.1.jar:/home/user/.m2/repository/org/apache/maven/wagon/wagon-provider-api/1.0-beta-6/wagon-provider-api-1.0-beta-6.jar:/home/user/.m2/repository/backport-util-concurrent/backport-util-concurrent/3.1/backport-util-concurrent-3.1.jar:/home/user/.m2/repository/org/apache/maven/maven-plugin-registry/2.2.1/maven-plugin-registry-2.2.1.jar:/home/user/.m2/repository/org/codehaus/plexus/plexus-interpolation/1.11/plexus-interpolation-1.11.jar:/home/user/.m2/repository/org/codehaus/plexus/plexus-container-default/1.0-alpha-9-stable-1/plexus-container-default-1.0-alpha-9-stable-1.jar:/home/user/.m2/repository/classworlds/classworlds/1.1-alpha-2/classworlds-1.1-alpha-2.jar:/home/user/.m2/repository/org/apache/maven/maven-repository-metadata/2.2.1/maven-repository-metadata-2.2.1.jar:/home/user/.m2/repository/org/codehaus/plexus/plexus-utils/3.0.20/plexus-utils-3.0.20.jar:/home/user/.m2/repository/org/sonatype/plexus/plexus-sec-dispatcher/1.4/plexus-sec-dispatcher-1.4.jar:/home/user/.m2/repository/org/sonatype/plexus/plexus-cipher/1.4/plexus-cipher-1.4.jar:/home/user/.m2/repository/net/masterthought/cucumber-reporting/3.16.0/cucumber-reporting-3.16.0.jar:/home/user/.m2/repository/org/apache/logging/log4j/log4j-api/2.8.2/log4j-api-2.8.2.jar:/home/user/.m2/repository/org/apache/logging/log4j/log4j-core/2.8.2/log4j-core-2.8.2.jar:/home/user/.m2/repository/com/fasterxml/jackson/core/jackson-databind/2.8.6/jackson-databind-2.8.6.jar:/home/user/.m2/repository/com/fasterxml/jackson/core/jackson-annotations/2.8.0/jackson-annotations-2.8.0.jar:/home/user/.m2/repository/com/fasterxml/jackson/core/jackson-core/2.8.6/jackson-core-2.8.6.jar:/home/user/.m2/repository/org/apache/velocity/velocity/1.7/velocity-1.7.jar:/home/user/.m2/repository/commons-collections/commons-collections/3.2.1/commons-collections-3.2.1.jar:/home/user/.m2/repository/commons-lang/commons-lang/2.4/commons-lang-2.4.jar:/home/user/.m2/repository/velocity-tools/velocity-tools/1.4/velocity-tools-1.4.jar:/home/user/.m2/repository/joda-time/joda-time/2.9.9/joda-time-2.9.9.jar:/home/user/.m2/repository/net/lingala/zip4j/zip4j/1.3.2/zip4j-1.3.2.jar:/home/user/.m2/repository/com/googlecode/owasp-java-html-sanitizer/owasp-java-html-sanitizer/20170515.1/owasp-java-html-sanitizer-20170515.1.jar:/home/user/.m2/repository/commons-configuration/commons-configuration/1.6/commons-configuration-1.6.jar:/home/user/.m2/repository/commons-digester/commons-digester/1.8/commons-digester-1.8.jar:/home/user/.m2/repository/commons-beanutils/commons-beanutils/1.7.0/commons-beanutils-1.7.0.jar:/home/user/.m2/repository/commons-beanutils/commons-beanutils-core/1.8.0/commons-beanutils-core-1.8.0.jar:"/>
    <property name="sun.cpu.endian" value="little"/>
    <property name="user.home" value="/home/user"/>
    <property name="user.language" value="en"/>
    <property name="java.specification.vendor" value="Oracle Corporation"/>
    <property name="java.home" value="/usr/lib/jvm/java-9-oracle"/>
    <property name="file.separator" value="/"/>
    <property name="basedir" value="/home/user/Documents/ui-automation-java"/>
    <property name="java.vm.compressedOopsMode" value="Zero based"/>
    <property name="line.separator" value="&#10;"/>
    <property name="java.vm.specification.vendor" value="Oracle Corporation"/>
    <property name="java.specification.name" value="Java Platform API Specification"/>
    <property name="java.awt.graphicsenv" value="sun.awt.X11GraphicsEnvironment"/>
    <property name="surefire.real.class.path" value="/home/user/Documents/ui-automation-java/target/surefire/surefirebooter1067283054401257541.jar"/>
    <property name="sun.management.compiler" value="HotSpot 64-Bit Tiered Compilers"/>
    <property name="java.runtime.version" value="9.0.4+11"/>
    <property name="user.name" value="user"/>
    <property name="path.separator" value=":"/>
    <property name="os.version" value="4.13.0-43-generic"/>
    <property name="java.runtime.name" value="Java(TM) SE Runtime Environment"/>
    <property name="file.encoding" value="UTF-8"/>
    <property name="java.vm.name" value="Java HotSpot(TM) 64-Bit Server VM"/>
    <property name="localRepository" value="/home/user/.m2/repository"/>
    <property name="java.vendor.url.bug" value="http://bugreport.java.com/bugreport/"/>
    <property name="java.io.tmpdir" value="/tmp"/>
    <property name="java.version" value="9.0.4"/>
    <property name="user.dir" value="/home/user/Documents/ui-automation-java"/>
    <property name="os.arch" value="amd64"/>
    <property name="java.vm.specification.name" value="Java Virtual Machine Specification"/>
    <property name="java.awt.printerjob" value="sun.print.PSPrinterJob"/>
    <property name="sun.os.patch.level" value="unknown"/>
    <property name="java.library.path" value="/usr/java/packages/lib:/usr/lib64:/lib64:/lib:/usr/lib"/>
    <property name="java.vm.info" value="mixed mode"/>
    <property name="java.vendor" value="Oracle Corporation"/>
    <property name="java.vm.version" value="9.0.4+11"/>
    <property name="sun.io.unicode.encoding" value="UnicodeLittle"/>
    <property name="java.class.version" value="53.0"/>
  </properties>
  <testcase name="Given User is at Unific Login Page" classname="| $100 | First name |  | 1@# | Percentage | 10 | Entire order | Always active |" time="0.002"/>
  <testcase name="When User Enters valid Email and Password" classname="| $100 | First name |  | 1@# | Percentage | 10 | Entire order | Always active |" time="0.002"/>
  <testcase name="And User Clicks on Login" classname="| $100 | First name |  | 1@# | Percentage | 10 | Entire order | Always active |" time="0"/>
  <testcase name="And User is able to navigate to Snippets Page" classname="| $100 | First name |  | 1@# | Percentage | 10 | Entire order | Always active |" time="0"/>
  <testcase name="And User selects to create a new Snippet" classname="| $100 | First name |  | 1@# | Percentage | 10 | Entire order | Always active |" time="0"/>
  <testcase name="And User enters Snippet Name as &quot;$100&quot;" classname="| $100 | First name |  | 1@# | Percentage | 10 | Entire order | Always active |" time="0"/>
  <testcase name="And User selects Coupon Code Format with Prefix1 as &quot;First name&quot; Prefix2 as &quot;&quot; and Suffix as &quot;1@#&quot;" classname="| $100 | First name |  | 1@# | Percentage | 10 | Entire order | Always active |" time="0.001"/>
  <testcase name="And User selects Discount Type as &quot;Percentage&quot; and Discount value as &quot;10&quot;" classname="| $100 | First name |  | 1@# | Percentage | 10 | Entire order | Always active |" time="0"/>
  <testcase name="And User selects applies to as &quot;Entire order&quot;" classname="| $100 | First name |  | 1@# | Percentage | 10 | Entire order | Always active |" time="0"/>
  <testcase name="And User selects active dates as &quot;Always active&quot;" classname="| $100 | First name |  | 1@# | Percentage | 10 | Entire order | Always active |" time="0"/>
  <testcase name="And User selects to save" classname="| $100 | First name |  | 1@# | Percentage | 10 | Entire order | Always active |" time="0.002"/>
  <testcase name="Then User is able to see the generated Coupon" classname="| $100 | First name |  | 1@# | Percentage | 10 | Entire order | Always active |" time="0"/>
  <testcase name="When User clicks on campaigns" classname="| $100 | First name |  | 1@# | Percentage | 10 | Entire order | Always active |" time="0.001"/>
  <testcase name="When User clicks on Newcampaign" classname="| $100 | First name |  | 1@# | Percentage | 10 | Entire order | Always active |" time="0"/>
  <testcase name="And User clicks on Create new campaign from scratch" classname="| $100 | First name |  | 1@# | Percentage | 10 | Entire order | Always active |" time="0"/>
  <testcase name="Then User is navigated to CampaignCreation Page" classname="| $100 | First name |  | 1@# | Percentage | 10 | Entire order | Always active |" time="0.001"/>
  <testcase name="When User enters Campaign title as &quot;Test Campaign Title&quot;" classname="| $100 | First name |  | 1@# | Percentage | 10 | Entire order | Always active |" time="0"/>
  <testcase name="And User selects Starting Trigger as &quot;Order Confirmation Event&quot;" classname="| $100 | First name |  | 1@# | Percentage | 10 | Entire order | Always active |" time="0"/>
  <testcase name="And User selects Action as &quot;Send Email&quot;" classname="| $100 | First name |  | 1@# | Percentage | 10 | Entire order | Always active |" time="0.005">
    <error message="no such element: Unable to locate element: {&quot;method&quot;:&quot;xpath&quot;,&quot;selector&quot;:&quot;//div[contains(@id,&apos;jsPlumb&apos;)]//i[@class=&apos;fa fa-plus-circle fa-2x&apos;]&quot;}&#10;  (Session info: chrome=65.0.3325.162)&#10;  (Driver info: chromedriver=2.36.540471 (9c759b81a907e70363c6312294d30b6ccccc2752),platform=Linux 4.13.0-43-generic x86_64) (WARNING: The server did not provide any stacktrace information)&#10;Command duration or timeout: 0 milliseconds&#10;For documentation on this error, please visit: http://seleniumhq.org/exceptions/no_such_element.html&#10;Build info: version: &apos;3.5.2&apos;, revision: &apos;10229a9&apos;, time: &apos;2017-08-21T17:29:55.15Z&apos;&#10;System info: host: &apos;WKS-195&apos;, ip: &apos;127.0.1.1&apos;, os.name: &apos;Linux&apos;, os.arch: &apos;amd64&apos;, os.version: &apos;4.13.0-43-generic&apos;, java.version: &apos;9.0.4&apos;&#10;Driver info: org.openqa.selenium.chrome.ChromeDriver&#10;Capabilities [{mobileEmulationEnabled=false, hasTouchScreen=false, platform=LINUX, acceptSslCerts=false, acceptInsecureCerts=false, webStorageEnabled=true, browserName=chrome, takesScreenshot=true, javascriptEnabled=true, setWindowRect=true, unexpectedAlertBehaviour=, applicationCacheEnabled=false, rotatable=false, networkConnectionEnabled=false, chrome={chromedriverVersion=2.36.540471 (9c759b81a907e70363c6312294d30b6ccccc2752), userDataDir=/tmp/.org.chromium.Chromium.TOtVBr}, takesHeapSnapshot=true, pageLoadStrategy=normal, unhandledPromptBehavior=, databaseEnabled=false, handlesAlerts=true, version=65.0.3325.162, browserConnectionEnabled=false, nativeEvents=true, locationContextEnabled=true, cssSelectorsEnabled=true}]&#10;Session ID: 62d48b202f7803b62edbecedc967f533&#10;*** Element info: {Using=xpath, value=//div[contains(@id,&apos;jsPlumb&apos;)]//i[@class=&apos;fa fa-plus-circle fa-2x&apos;]}" type="org.openqa.selenium.NoSuchElementException">org.openqa.selenium.NoSuchElementException: 
no such element: Unable to locate element: {"method":"xpath","selector":"//div[contains(@id,'jsPlumb')]//i[@class='fa fa-plus-circle fa-2x']"}
  (Session info: chrome=65.0.3325.162)
  (Driver info: chromedriver=2.36.540471 (9c759b81a907e70363c6312294d30b6ccccc2752),platform=Linux 4.13.0-43-generic x86_64) (WARNING: The server did not provide any stacktrace information)
Command duration or timeout: 0 milliseconds
For documentation on this error, please visit: http://seleniumhq.org/exceptions/no_such_element.html
Build info: version: '3.5.2', revision: '10229a9', time: '2017-08-21T17:29:55.15Z'
System info: host: 'WKS-195', ip: '127.0.1.1', os.name: 'Linux', os.arch: 'amd64', os.version: '4.13.0-43-generic', java.version: '9.0.4'
Driver info: org.openqa.selenium.chrome.ChromeDriver
Capabilities [{mobileEmulationEnabled=false, hasTouchScreen=false, platform=LINUX, acceptSslCerts=false, acceptInsecureCerts=false, webStorageEnabled=true, browserName=chrome, takesScreenshot=true, javascriptEnabled=true, setWindowRect=true, unexpectedAlertBehaviour=, applicationCacheEnabled=false, rotatable=false, networkConnectionEnabled=false, chrome={chromedriverVersion=2.36.540471 (9c759b81a907e70363c6312294d30b6ccccc2752), userDataDir=/tmp/.org.chromium.Chromium.TOtVBr}, takesHeapSnapshot=true, pageLoadStrategy=normal, unhandledPromptBehavior=, databaseEnabled=false, handlesAlerts=true, version=65.0.3325.162, browserConnectionEnabled=false, nativeEvents=true, locationContextEnabled=true, cssSelectorsEnabled=true}]
Session ID: 62d48b202f7803b62edbecedc967f533
*** Element info: {Using=xpath, value=//div[contains(@id,'jsPlumb')]//i[@class='fa fa-plus-circle fa-2x']}
</error>
  </testcase>
  <testcase name="| $100 | First name |  | 1@# | Percentage | 10 | Entire order | Always active |" classname="| $100 | First name |  | 1@# | Percentage | 10 | Entire order | Always active |" time="0.006">
    <error message="no such element: Unable to locate element: {&quot;method&quot;:&quot;xpath&quot;,&quot;selector&quot;:&quot;//div[contains(@id,&apos;jsPlumb&apos;)]//i[@class=&apos;fa fa-plus-circle fa-2x&apos;]&quot;}&#10;  (Session info: chrome=65.0.3325.162)&#10;  (Driver info: chromedriver=2.36.540471 (9c759b81a907e70363c6312294d30b6ccccc2752),platform=Linux 4.13.0-43-generic x86_64) (WARNING: The server did not provide any stacktrace information)&#10;Command duration or timeout: 0 milliseconds&#10;For documentation on this error, please visit: http://seleniumhq.org/exceptions/no_such_element.html&#10;Build info: version: &apos;3.5.2&apos;, revision: &apos;10229a9&apos;, time: &apos;2017-08-21T17:29:55.15Z&apos;&#10;System info: host: &apos;WKS-195&apos;, ip: &apos;127.0.1.1&apos;, os.name: &apos;Linux&apos;, os.arch: &apos;amd64&apos;, os.version: &apos;4.13.0-43-generic&apos;, java.version: &apos;9.0.4&apos;&#10;Driver info: org.openqa.selenium.chrome.ChromeDriver&#10;Capabilities [{mobileEmulationEnabled=false, hasTouchScreen=false, platform=LINUX, acceptSslCerts=false, acceptInsecureCerts=false, webStorageEnabled=true, browserName=chrome, takesScreenshot=true, javascriptEnabled=true, setWindowRect=true, unexpectedAlertBehaviour=, applicationCacheEnabled=false, rotatable=false, networkConnectionEnabled=false, chrome={chromedriverVersion=2.36.540471 (9c759b81a907e70363c6312294d30b6ccccc2752), userDataDir=/tmp/.org.chromium.Chromium.TOtVBr}, takesHeapSnapshot=true, pageLoadStrategy=normal, unhandledPromptBehavior=, databaseEnabled=false, handlesAlerts=true, version=65.0.3325.162, browserConnectionEnabled=false, nativeEvents=true, locationContextEnabled=true, cssSelectorsEnabled=true}]&#10;Session ID: 62d48b202f7803b62edbecedc967f533&#10;*** Element info: {Using=xpath, value=//div[contains(@id,&apos;jsPlumb&apos;)]//i[@class=&apos;fa fa-plus-circle fa-2x&apos;]}" type="org.openqa.selenium.NoSuchElementException">org.openqa.selenium.NoSuchElementException: 
no such element: Unable to locate element: {"method":"xpath","selector":"//div[contains(@id,'jsPlumb')]//i[@class='fa fa-plus-circle fa-2x']"}
  (Session info: chrome=65.0.3325.162)
  (Driver info: chromedriver=2.36.540471 (9c759b81a907e70363c6312294d30b6ccccc2752),platform=Linux 4.13.0-43-generic x86_64) (WARNING: The server did not provide any stacktrace information)
Command duration or timeout: 0 milliseconds
For documentation on this error, please visit: http://seleniumhq.org/exceptions/no_such_element.html
Build info: version: '3.5.2', revision: '10229a9', time: '2017-08-21T17:29:55.15Z'
System info: host: 'WKS-195', ip: '127.0.1.1', os.name: 'Linux', os.arch: 'amd64', os.version: '4.13.0-43-generic', java.version: '9.0.4'
Driver info: org.openqa.selenium.chrome.ChromeDriver
Capabilities [{mobileEmulationEnabled=false, hasTouchScreen=false, platform=LINUX, acceptSslCerts=false, acceptInsecureCerts=false, webStorageEnabled=true, browserName=chrome, takesScreenshot=true, javascriptEnabled=true, setWindowRect=true, unexpectedAlertBehaviour=, applicationCacheEnabled=false, rotatable=false, networkConnectionEnabled=false, chrome={chromedriverVersion=2.36.540471 (9c759b81a907e70363c6312294d30b6ccccc2752), userDataDir=/tmp/.org.chromium.Chromium.TOtVBr}, takesHeapSnapshot=true, pageLoadStrategy=normal, unhandledPromptBehavior=, databaseEnabled=false, handlesAlerts=true, version=65.0.3325.162, browserConnectionEnabled=false, nativeEvents=true, locationContextEnabled=true, cssSelectorsEnabled=true}]
Session ID: 62d48b202f7803b62edbecedc967f533
*** Element info: {Using=xpath, value=//div[contains(@id,'jsPlumb')]//i[@class='fa fa-plus-circle fa-2x']}
</error>
  </testcase>
  <testcase name="And User enters Subject Line as &quot;Order123&quot; and Pre header as &quot;{{order_id}}&quot;" classname="| $100 | First name |  | 1@# | Percentage | 10 | Entire order | Always active |" time="0">
    <skipped/>
  </testcase>
  <testcase name="And User edits Email" classname="| $100 | First name |  | 1@# | Percentage | 10 | Entire order | Always active |" time="0">
    <skipped/>
  </testcase>
  <testcase name="And User is able to see the Active Coupon" classname="| $100 | First name |  | 1@# | Percentage | 10 | Entire order | Always active |" time="0">
    <skipped/>
  </testcase>
  <testcase name="Given User has successfully logged into Shopify Partners" classname="Scenario: Create Development Store" time="0"/>
  <testcase name="When User selects a Business" classname="Scenario: Create Development Store" time="0"/>
  <testcase name="And User selects to create a developement store" classname="Scenario: Create Development Store" time="0"/>
  <testcase name="And User enters Login Information" classname="Scenario: Create Development Store" time="0"/>
  <testcase name="And User enters Store Details" classname="Scenario: Create Development Store" time="0"/>
  <testcase name="And User saves the store details" classname="Scenario: Create Development Store" time="0"/>
  <testcase name="Then DevStore is created with a Store URL" classname="Scenario: Create Development Store" time="0">
    <skipped/>
  </testcase>
  <testcase name="Scenario: Create Development Store" classname="Scenario: Create Development Store" time="0">
    <skipped/>
  </testcase>
  <testcase name="Scenario: Create Development Store" classname="Scenario: Create Development Store" time="0.079"/>
</testsuite>